C51 COMPILER V7.06   DS1302                                                                06/06/2014 09:50:49 PAGE 1   


C51 COMPILER V7.06, COMPILATION OF MODULE DS1302
OBJECT MODULE PLACED IN ds1302.OBJ
COMPILER INVOKED BY: D:\English AZH\keil\C51\BIN\C51.EXE ds1302.c COMPACT BROWSE DEBUG OBJECTEXTEND

stmt level    source

   1          /* ************************************************************************
   2          
   3                                                                  DS1302 r子程序
   4          
   5          ***************************************************************************
   6           名称：DS1302 r子程序
   7           时间：2014.2.16
   8           内容：本程序包括：
   9                     DS1302 r子函
  10           说明：DS1302程序，F 秒分时日月周年
  11          *************************************************************************** */
  12          #include "delay.h"
  13          #include "ds1302.h"
  14          #include "ch453.h"
  15          
  16          unsigned char  l_tmpdate[7]={0,26,11,19,5,1,14};//秒/分/时/日/月/周/年/
  17          
  18          /*----------------ds1302端口定义----------------*/
  19          
  20          //sbit DS1302_CLK = P2^1;                       //ds1302_clk   
  21          //sbit DS1302_DAT = P2^0;                       //ds1302_dat
  22          //sbit DS1302_RST = P2^2;                       //ds1302_Rst
  23          sbit DS1302_CLK = P3^6;                 //ds1302_clk   
  24          sbit DS1302_DAT = P3^5;                 //ds1302_dat
  25          sbit DS1302_RST = P3^7;                 //ds1302_Rst
  26          
  27          /*----------------ds1302写单字节数据子程序----------------*/
  28          
  29          void DS1302_WRITE_BYTE(unsigned char dat) 
  30          {
  31   1              unsigned char i;
  32   1              
  33   1              DS1302_CLK = 0;                 //初始化时钟线置为0
  34   1          delay_us(5);
  35   1              for (i=0;i<8;i++)       //循环8次 写入数据
  36   1          { 
  37   2                      DS1302_DAT = dat & 0x01;
  38   2                      delay_us(5);
  39   2                      DS1302_CLK = 1;
  40   2                      delay_us(5);
  41   2                      DS1302_CLK = 0;
  42   2                      delay_us(5);
  43   2                      dat>>=1;                        //右移一位
  44   2         }
  45   1      } 
  46          
  47          /*----------------ds1302读单字节数据子程序----------------*/
  48          unsigned char DS1302_READ_BYTE(void) 
  49          {
  50   1              unsigned char i,dat;
  51   1      
  52   1          delay_us(5);
  53   1              for (i=0;i<8;i++)               //循环8次 读取数据
  54   1              {                       
  55   2                      dat>>=1;
C51 COMPILER V7.06   DS1302                                                                06/06/2014 09:50:49 PAGE 2   

  56   2                      if(DS1302_DAT==1)
  57   2                              dat|=0x80;
  58   2                      DS1302_CLK = 1;         //SCK=1;
  59   2                      delay_us(5);            
  60   2                      DS1302_CLK = 0;         //sck=0
  61   2                      delay_us(5);
  62   2              }
  63   1              return dat;
  64   1      }   
  65          
  66          //----------------ds1302写地址、数据子程序----------------
  67          
  68          void DS1302_WRITE( unsigned char cmd,unsigned char dat )     
  69          {
  70   1              DS1302_RST = 0;                         //初始化CE线置为0
  71   1              DS1302_CLK = 0;                         //初始化时钟线置为0
  72   1              delay_us(5);
  73   1              DS1302_RST = 1;                         //初始化CE线置为1，传输开始
  74   1              delay_us(5);
  75   1              DS1302_WRITE_BYTE(cmd);         //传输命令字，要写入的时间/日期地址
  76   1              DS1302_WRITE_BYTE(dat);         //写入要修改的时间/日期
  77   1              DS1302_CLK = 1;                         //时钟线拉高
  78   1              DS1302_RST = 0;                         //读取结束，CE置为0，结束数据的传输
  79   1      }
  80          //---------------ds1302读数据子程序----------------
  81          
  82          unsigned char DS1302_READ(unsigned char cmd)
  83          {
  84   1              unsigned char dat;
  85   1      
  86   1              DS1302_RST = 0;//初始化CE线置为0
  87   1              DS1302_CLK = 0;//初始化时钟线置为0
  88   1              delay_us(5);//_nop_();
  89   1              DS1302_RST = 1;//RST=1;
  90   1              delay_us(5);//_nop_();
  91   1              DS1302_WRITE_BYTE(cmd);
  92   1              dat=DS1302_READ_BYTE();
  93   1              DS1302_CLK = 1;//初始化时钟线置为0
  94   1              DS1302_RST = 0;
  95   1              delay_us(5);
  96   1              return dat;                     //返回
  97   1      }
  98          
  99          //----------------时钟初始化--------------------------------
 100          void set_rtc(void)              
 101          {
 102   1              unsigned char i,p,tmp;   
 103   1      
 104   1              for(i=0;i<7;i++)//BCD处理
 105   1              {        
 106   2                      tmp=l_tmpdate[i]/10;
 107   2                      l_tmpdate[i]=l_tmpdate[i]%10;
 108   2                      l_tmpdate[i]=l_tmpdate[i]+tmp*16;
 109   2              }
 110   1      
 111   1              DS1302_WRITE(0x8e,0X00);
 112   1              p=0x80; //传地址        
 113   1              for(i=0;i<7;i++)                //7次写入 秒分时日月周年
 114   1              {
 115   2                      DS1302_WRITE(p,l_tmpdate[i]);
 116   2                      p+=2;  
 117   2              }
C51 COMPILER V7.06   DS1302                                                                06/06/2014 09:50:49 PAGE 3   

 118   1              DS1302_WRITE(0x8E,0x80);
 119   1      }
 120          //------------------------------------------------------------------
 121          void DS1302_PLAY()                                       //1302读取时间
 122          {
 123   1              unsigned int i,p;
 124   1              p=0x81;                                                 //地址传递
 125   1      
 126   1              for(i=0;i<7;i++)                                //分7次读取 秒分时日月周年
 127   1              {
 128   2                      l_tmpdate[i]=DS1302_READ(p);
 129   2                      p+=2;
 130   2              }
 131   1      //      l_tmpdate[0]&=0x7f;
 132   1      //      l_tmpdate[1]&=0x7f;
 133   1      ////l_tmpdate[2]&=0x1f;
 134   1      //      l_tmpdate[3]&=0x3f;
 135   1      //      l_tmpdate[4]&=0x1f;
 136   1      //      l_tmpdate[5]&=0x07;
 137   1      //      l_tmpdate[6]&=0xff;     
 138   1      
 139   1              for(i=0;i<7;i++)                        //BCD处理
 140   1              {        
 141   2                      l_tmpdate[i]=(l_tmpdate[i]/16)*10+(l_tmpdate[i]%16);
 142   2              }       
 143   1      }
 144          
 145          


MODULE INFORMATION:   STATIC OVERLAYABLE
   CODE SIZE        =    442    ----
   CONSTANT SIZE    =   ----    ----
   XDATA SIZE       =   ----    ----
   PDATA SIZE       =      7      14
   DATA SIZE        =   ----    ----
   IDATA SIZE       =   ----    ----
   BIT SIZE         =   ----    ----
END OF MODULE INFORMATION.


C51 COMPILATION COMPLETE.  0 WARNING(S),  0 ERROR(S)
