C51 COMPILER V7.06   SYSTEM                                                                06/06/2014 09:50:47 PAGE 1   


C51 COMPILER V7.06, COMPILATION OF MODULE SYSTEM
OBJECT MODULE PLACED IN system.OBJ
COMPILER INVOKED BY: D:\English AZH\keil\C51\BIN\C51.EXE system.c COMPACT BROWSE DEBUG OBJECTEXTEND

stmt level    source

   1          /* ************************************************************************
   2          
   3                                                                  SYSTEM 系统初始化子程序
   4          
   5          ***************************************************************************
   6           名称：SYSTEM 系统初始化子程序
   7           时间：2014.04.08
   8           内容：本程序包括：
   9                     单片机时钟设置、I/O端口配置、交叉开关配置
  10           说明：系统初始化的必要配置
  11          *************************************************************************** */
  12          #include <c8051f130.h>
  13          #include "system.h"
  14          #include "sim_card.h"
  15          #include "ch453.h"
  16          #include "ds1302.h"
  17          /////////////////////////////////////////////////////////////////////////////
  18          ////////////////////////////////////////////////////////////////////////////
  19          //注意：请使用9600波特率，115200波特率有时会出现错误
  20          ///////////////////////////////////////////////////////////////////////////
  21          /////////////////////////////////////////////////////////////////////////////
  22          #define UART1_9600   0x02                       /* 定义串口1通讯波特率 */
  23          #define UART1_115200 0x01                       /* 定义串口1通讯波特率 */ 
  24          //------------------------------
  25          void Oscillator_Init()
  26          {
  27   1          char i = 0;
  28   1              WDTCN=0X07;
  29   1              WDTCN=0XDE;
  30   1              WDTCN=0XAD;
  31   1          SFRPAGE   = CONFIG_PAGE;
  32   1          OSCICN    = 0x83;                           //使能内部振荡器，内部振荡器不分频
  33   1          CCH0CN    &= ~0x20;                         //高速缓存(Cache)控制寄存器。高速缓存预取禁止
  34   1          SFRPAGE   = LEGACY_PAGE;
  35   1          FLSCL     = 0xB0;
  36   1          SFRPAGE   = CONFIG_PAGE;
  37   1          CCH0CN    |= 0x20;
  38   1          PLL0CN    |= 0x01;
  39   1          PLL0DIV   = 0x01;
  40   1          PLL0FLT   = 0x01;
  41   1          PLL0MUL   = 0x04;                            //内部时钟 4倍频 100MHZ
  42   1          for (i = 0; i < 15; i++);                    // Wait 5us for initialization
  43   1          PLL0CN    |= 0x02;
  44   1          while ((PLL0CN & 0x10) == 0);
  45   1          CLKSEL    = 0x32;                            //SYSCLK PLL/8  
  46   1      }
  47          //---------------------------------------
  48          void Port_IO_Init()
  49          {
  50   1          SFRPAGE   = CONFIG_PAGE;
  51   1              P0MDOUT  |= 0x10;                   // Set TX pin to push-pull
  52   1              P1MDOUT   = 0Xff;
  53   1              P2MDOUT   = 0xfd;                                       //sim_data引_配置成开漏
  54   1      //      P2 |=0x55;
  55   1              P3MDOUT |= 0x0c;
C51 COMPILER V7.06   SYSTEM                                                                06/06/2014 09:50:47 PAGE 2   

  56   1      //      P3MDOUT   = 0xf7; //U19
  57   1      //      P3 |=0x08;      
  58   1      /*
  59   1              P3MDOUT   = 0xdf; //U20
  60   1              P3 |=0x20;
  61   1      */
  62   1              P4MDOUT   = 0xf5;                                       //(开漏输出) 
  63   1              P7MDOUT   = 0xff;                                       //(开漏输出)
  64   1          XBR0      = 0x07;                                   //串口0 ,1
  65   1          XBR2      = 0x44;                                   //交叉使能      ，使能若上拉                                               
  66   1      //  XBR1      = 0x80;                                   //使能SYSCLK输出
  67   1      }
  68          //-------------------------------------------
  69          void UART1_Init()                    //串口1初始化O置
  70          {
  71   1              SFRPAGE   = UART1_PAGE;
  72   1          SCON1     = 0x10;                        // 8位 ，自动重载，允许接收
  73   1          EIE2|=0X40;                                          // 允许串口1中断
  74   1      }
  75          //--------------------------------------------
  76          void Interrupts_Init()   
  77          {
  78   1        IE= 0x80;                                                     //开总中断
  79   1      }
  80          //-------------------------------------------
  81          void Timer1_Init()                      //定时器1初始化，提供UART1的波特率
  82          {
  83   1          unsigned char tmp_pag; 
  84   1              tmp_pag=SFRPAGE;
  85   1              SFRPAGE = TIMER01_PAGE;
  86   1              TMOD|=0x20;                             // TMOD: timer 1, mode 2, 8-bit reload
  87   1              CKCON|=UART1_9600;                      // 定r器0/1A分l时钟输入设置，可以确定UART0/1的波特率
  88   1              TH1=0X96;
  89   1              TL1=TH1;                                // 11520BPS初值
  90   1              TR1 = 1;                                // 启动定时器1
  91   1              SFRPAGE =tmp_pag;                       // 启动定时器1
  92   1      }
  93          //--------------------------------------------
  94          void Init_Device(void)
  95          {        
  96   1               Oscillator_Init();                             //锁相环设置
  97   1           Port_IO_Init();                                    //端口设置
  98   1      
  99   1           UART1_Init();
 100   1           Interrupts_Init();
 101   1               Timer1_Init();
 102   1      
 103   1               CH453_INIT();
 104   1               SIM_Init();                                            //SIM卡初始化
 105   1      
 106   1      //   set_rtc();                                                 //1302初始化
 107   1      }


MODULE INFORMATION:   STATIC OVERLAYABLE
   CODE SIZE        =    145    ----
   CONSTANT SIZE    =   ----    ----
   XDATA SIZE       =   ----    ----
   PDATA SIZE       =   ----    ----
   DATA SIZE        =   ----    ----
   IDATA SIZE       =   ----    ----
   BIT SIZE         =   ----    ----
C51 COMPILER V7.06   SYSTEM                                                                06/06/2014 09:50:47 PAGE 3   

END OF MODULE INFORMATION.


C51 COMPILATION COMPLETE.  0 WARNING(S),  0 ERROR(S)
